Arguments: 
  /usr/bin/node /usr/bin/yarn init

PATH: 
  /home/mbell/bin:/usr/local/bin:/opt/google-cloud-sdk/bin:/usr/local/bin:/usr/local/sbin:/usr/bin:/opt/android-sdk/platform-tools:/opt/android-sdk/tools:/opt/android-sdk/tools/bin:/opt/flutter/bin:/usr/lib/jvm/default/bin:/opt/microchip/xc32/v2.05/bin:/usr/bin/site_perl:/usr/bin/vendor_perl:/usr/bin/core_perl:/var/lib/snapd/snap/bin:/home/mbell/.rvm/bin:/home/mbell/scripts:/home/mbell/go/bin:/home/mbell/.yarn/bin:/home/mbell/node_modules/.bin:/home/mbell/bin/left:/home/mbell/.rvm/bin:/home/mbell/.gem/ruby/2.6.0/bin

Yarn version: 
  1.13.0

Node version: 
  11.10.0

Platform: 
  linux x64

Trace: 
  Error: canceled
      at Interface.<anonymous> (/usr/lib/node_modules/yarn/lib/cli.js:125657:13)
      at Interface.emit (events.js:197:13)
      at Interface._ttyWrite (readline.js:799:16)
      at ReadStream.onkeypress (readline.js:184:10)
      at ReadStream.emit (events.js:197:13)
      at emitKeys (internal/readline.js:424:14)
      at emitKeys.next (<anonymous>)
      at ReadStream.onData (readline.js:1071:36)
      at ReadStream.emit (events.js:197:13)
      at addChunk (_stream_readable.js:288:12)

npm manifest: 
  No manifest

yarn manifest: 
  No manifest

Lockfile: 
  No lockfile
